#! /c/Source/iverilog-install/bin/vvp
:ivl_version "12.0 (devel)" "(s20150603-1539-g2693dd32b)";
:ivl_delay_selection "TYPICAL";
:vpi_time_precision - 12;
:vpi_module "C:\Users\iverilog\lib\ivl\system.vpi";
:vpi_module "C:\Users\iverilog\lib\ivl\vhdl_sys.vpi";
:vpi_module "C:\Users\iverilog\lib\ivl\vhdl_textio.vpi";
:vpi_module "C:\Users\iverilog\lib\ivl\v2005_math.vpi";
:vpi_module "C:\Users\iverilog\lib\ivl\va_math.vpi";
S_000001e66d01bbb0 .scope module, "tb_LEDblinker" "tb_LEDblinker" 2 3;
 .timescale -9 -12;
v000001e66d01c340_0 .var "clear", 0 0;
v000001e66d01c3e0_0 .var "clk", 0 0;
v000001e66d01c480_0 .net "led_out", 0 0, v000001e66d01c2a0_0;  1 drivers
S_000001e66d01c110 .scope module, "uut" "LEDblinker" 2 8, 3 3 0, S_000001e66d01bbb0;
 .timescale 0 0;
    .port_info 0 /INPUT 1 "clk";
    .port_info 1 /INPUT 1 "clear";
    .port_info 2 /OUTPUT 1 "led_out";
v000001e66d01b8e0_0 .net "clear", 0 0, v000001e66d01c340_0;  1 drivers
v000001e66d032bf0_0 .net "clk", 0 0, v000001e66d01c3e0_0;  1 drivers
v000001e66d01bd40_0 .var "counter_flag", 24 0;
v000001e66d01c2a0_0 .var "led_out", 0 0;
E_000001e66d01c740 .event posedge, v000001e66d01b8e0_0, v000001e66d032bf0_0;
    .scope S_000001e66d01c110;
T_0 ;
    %wait E_000001e66d01c740;
    %load/vec4 v000001e66d01b8e0_0;
    %flag_set/vec4 8;
    %jmp/0xz  T_0.0, 8;
    %pushi/vec4 0, 0, 25;
    %assign/vec4 v000001e66d01bd40_0, 0;
    %pushi/vec4 0, 0, 1;
    %assign/vec4 v000001e66d01c2a0_0, 0;
    %jmp T_0.1;
T_0.0 ;
    %load/vec4 v000001e66d01bd40_0;
    %cmpi/e 4, 0, 25;
    %jmp/0xz  T_0.2, 4;
    %load/vec4 v000001e66d01c2a0_0;
    %inv;
    %assign/vec4 v000001e66d01c2a0_0, 0;
    %pushi/vec4 0, 0, 25;
    %assign/vec4 v000001e66d01bd40_0, 0;
    %jmp T_0.3;
T_0.2 ;
    %load/vec4 v000001e66d01c2a0_0;
    %assign/vec4 v000001e66d01c2a0_0, 0;
    %load/vec4 v000001e66d01bd40_0;
    %addi 1, 0, 25;
    %assign/vec4 v000001e66d01bd40_0, 0;
T_0.3 ;
T_0.1 ;
    %jmp T_0;
    .thread T_0;
    .scope S_000001e66d01bbb0;
T_1 ;
    %pushi/vec4 0, 0, 1;
    %store/vec4 v000001e66d01c3e0_0, 0, 1;
    %end;
    .thread T_1;
    .scope S_000001e66d01bbb0;
T_2 ;
    %delay 5000, 0;
    %load/vec4 v000001e66d01c3e0_0;
    %inv;
    %store/vec4 v000001e66d01c3e0_0, 0, 1;
    %jmp T_2;
    .thread T_2;
    .scope S_000001e66d01bbb0;
T_3 ;
    %vpi_call 2 19 "$dumpfile", "LEDwaveform.vcd" {0 0 0};
    %vpi_call 2 20 "$dumpvars", 32'sb00000000000000000000000000000000, S_000001e66d01bbb0 {0 0 0};
    %pushi/vec4 1, 0, 1;
    %store/vec4 v000001e66d01c340_0, 0, 1;
    %delay 20000, 0;
    %pushi/vec4 0, 0, 1;
    %store/vec4 v000001e66d01c340_0, 0, 1;
    %delay 40000, 0;
    %delay 40000, 0;
    %pushi/vec4 1, 0, 1;
    %store/vec4 v000001e66d01c340_0, 0, 1;
    %delay 20000, 0;
    %vpi_call 2 33 "$finish" {0 0 0};
    %end;
    .thread T_3;
# The file index is used to find the file name in the following table.
:file_names 4;
    "N/A";
    "<interactive>";
    "tb_LEDblinker.v";
    "LEDblinker.v";
